<?xml version="1.0" encoding="UTF-8"?>
<testsuite xmlns:xsi="http://www.w3.org/2001/XMLSchema-instance" xsi:noNamespaceSchemaLocation="https://maven.apache.org/surefire/maven-surefire-plugin/xsd/surefire-test-report.xsd" name="coom.epam.TddAndJTest.AppTest" time="0.026" tests="5" errors="5" skipped="0" failures="0">
  <properties>
[...]
</properties>
  <testcase name="test1" classname="coom.epam.TddAndJTest.AppTest" time="0.019">
    <error type="java.lang.NullPointerException">java.lang.NullPointerException
	at coom.epam.TddAndJTest.AppTest.test1(AppTest.java:15)
</error>
  </testcase>
  <testcase name="test2" classname="coom.epam.TddAndJTest.AppTest" time="0">
    <error type="java.lang.NullPointerException">java.lang.NullPointerException
	at coom.epam.TddAndJTest.AppTest.test2(AppTest.java:20)
</error>
  </testcase>
  <testcase name="test3" classname="coom.epam.TddAndJTest.AppTest" time="0.001">
    <error type="java.lang.NullPointerException">java.lang.NullPointerException
	at coom.epam.TddAndJTest.AppTest.test3(AppTest.java:25)
</error>
  </testcase>
  <testcase name="test4" classname="coom.epam.TddAndJTest.AppTest" time="0">
    <error type="java.lang.NullPointerException">java.lang.NullPointerException
	at coom.epam.TddAndJTest.AppTest.test4(AppTest.java:30)
</error>
  </testcase>
  <testcase name="test5" classname="coom.epam.TddAndJTest.AppTest" time="0.001">
    <error type="java.lang.NullPointerException">java.lang.NullPointerException
	at coom.epam.TddAndJTest.AppTest.test5(AppTest.java:35)
</error>
  </testcase>
</testsuite>